Jan-29 14:15:50.803 [main] DEBUG nextflow.cli.Launcher - $> nextflow run aertslab/SCENICprotocol -profile docker --loom_input ../../output/scenic/pt1.loom --loom_output ../../output/scenic/pt1-final.loom --TFs /home/skevin/Homo_sapiens/scenic/hs_hgnc_curated_tfs.txt --motifs /home/skevin/Homo_sapiens/scenic/motifs-v9-nr.hgnc.tbl --db /home/skevin/Homo_sapiens/scenic/hg38_refseq-10kb_up_and_down_tss.mc9nr.feather --thr_min_genes 1
Jan-29 14:15:50.882 [main] INFO  nextflow.cli.CmdRun - N E X T F L O W  ~  version 20.07.1
Jan-29 14:15:51.292 [main] DEBUG nextflow.scm.AssetManager - Git config: /home/skevin/.nextflow/assets/aertslab/SCENICprotocol/.git/config; branch: master; remote: origin; url: https://github.com/aertslab/SCENICprotocol.git
Jan-29 14:15:51.300 [main] DEBUG nextflow.scm.AssetManager - Git config: /home/skevin/.nextflow/assets/aertslab/SCENICprotocol/.git/config; branch: master; remote: origin; url: https://github.com/aertslab/SCENICprotocol.git
Jan-29 14:15:51.436 [main] DEBUG nextflow.scm.AssetManager - Git config: /home/skevin/.nextflow/assets/aertslab/SCENICprotocol/.git/config; branch: master; remote: origin; url: https://github.com/aertslab/SCENICprotocol.git
Jan-29 14:15:51.436 [main] INFO  nextflow.cli.CmdRun - Launching `aertslab/SCENICprotocol` [big_ampere] - revision: cd2aed2ad9 [master]
Jan-29 14:15:51.844 [main] INFO  nextflow.scm.AssetManager - NOTE: Your local project version looks outdated - a different revision is available in the remote repository [37e555c112]
Jan-29 14:15:51.880 [main] DEBUG nextflow.config.ConfigBuilder - Found config base: /home/skevin/.nextflow/assets/aertslab/SCENICprotocol/nextflow.config
Jan-29 14:15:51.881 [main] DEBUG nextflow.config.ConfigBuilder - Parsing config file: /home/skevin/.nextflow/assets/aertslab/SCENICprotocol/nextflow.config
Jan-29 14:15:51.889 [main] DEBUG nextflow.config.ConfigBuilder - Applying config profile: `docker`
Jan-29 14:15:51.941 [main] DEBUG nextflow.config.ConfigBuilder - Available config profiles: [standard, test, singularity, docker]
Jan-29 14:15:51.976 [main] DEBUG nextflow.Session - Session uuid: dc16d97d-ddca-4d1b-ab4f-f4c13e82be74
Jan-29 14:15:51.976 [main] DEBUG nextflow.Session - Run name: big_ampere
Jan-29 14:15:51.976 [main] DEBUG nextflow.Session - Executor pool size: 8
Jan-29 14:15:51.984 [main] DEBUG nextflow.cli.CmdRun - 
  Version: 20.07.1 build 5412
  Created: 24-07-2020 15:18 UTC (08:18 PDT)
  System: Linux 5.4.0-52-generic
  Runtime: Groovy 2.5.11 on OpenJDK 64-Bit Server VM 1.8.0_152-release-1056-b12
  Encoding: UTF-8 (UTF-8)
  Process: 556908@cobrinik-srt [127.0.1.1]
  CPUs: 8 - Mem: 62.7 GB (6.5 GB) - Swap: 11.2 GB (3 GB)
Jan-29 14:15:51.994 [main] DEBUG nextflow.Session - Work-dir: /dataVolume/storage/single_cell_projects/sc_RB_devel/20171031-SHL-FACS-Hs_proj/src/scenic_src/work [ext2/ext3]
Jan-29 14:15:52.030 [main] DEBUG nextflow.Session - Observer factory: TowerFactory
Jan-29 14:15:52.031 [main] DEBUG nextflow.Session - Observer factory: DefaultObserverFactory
Jan-29 14:15:52.130 [main] DEBUG nextflow.Session - Session start invoked
Jan-29 14:15:52.327 [main] DEBUG nextflow.script.ScriptRunner - > Launching execution
Jan-29 14:15:52.333 [main] DEBUG nextflow.Session - Workflow process names [dsl1]: filter, cluster, visualizeAUC, preprocess, GRNinference, visualize, integrateOutput, cisTarget, AUCell, pca
Jan-29 14:15:52.436 [main] DEBUG nextflow.executor.ExecutorFactory - << taskConfig executor: null
Jan-29 14:15:52.436 [main] DEBUG nextflow.executor.ExecutorFactory - >> processorType: 'local'
Jan-29 14:15:52.439 [main] DEBUG nextflow.executor.Executor - [warm up] executor > local
Jan-29 14:15:52.443 [main] DEBUG n.processor.LocalPollingMonitor - Creating local task monitor for executor 'local' > cpus=8; memory=62.7 GB; capacity=8; pollInterval=100ms; dumpInterval=5m
Jan-29 14:15:52.512 [main] DEBUG nextflow.executor.ExecutorFactory - << taskConfig executor: null
Jan-29 14:15:52.512 [main] DEBUG nextflow.executor.ExecutorFactory - >> processorType: 'local'
Jan-29 14:15:52.516 [main] DEBUG nextflow.executor.ExecutorFactory - << taskConfig executor: null
Jan-29 14:15:52.517 [main] DEBUG nextflow.executor.ExecutorFactory - >> processorType: 'local'
Jan-29 14:15:52.520 [main] DEBUG nextflow.executor.ExecutorFactory - << taskConfig executor: null
Jan-29 14:15:52.520 [main] DEBUG nextflow.executor.ExecutorFactory - >> processorType: 'local'
Jan-29 14:15:52.523 [main] DEBUG nextflow.executor.ExecutorFactory - << taskConfig executor: null
Jan-29 14:15:52.524 [main] DEBUG nextflow.executor.ExecutorFactory - >> processorType: 'local'
Jan-29 14:15:52.529 [main] DEBUG nextflow.executor.ExecutorFactory - << taskConfig executor: null
Jan-29 14:15:52.529 [main] DEBUG nextflow.executor.ExecutorFactory - >> processorType: 'local'
Jan-29 14:15:52.535 [main] DEBUG nextflow.executor.ExecutorFactory - << taskConfig executor: null
Jan-29 14:15:52.535 [main] DEBUG nextflow.executor.ExecutorFactory - >> processorType: 'local'
Jan-29 14:15:52.541 [main] DEBUG nextflow.executor.ExecutorFactory - << taskConfig executor: null
Jan-29 14:15:52.541 [main] DEBUG nextflow.executor.ExecutorFactory - >> processorType: 'local'
Jan-29 14:15:52.548 [main] DEBUG nextflow.executor.ExecutorFactory - << taskConfig executor: null
Jan-29 14:15:52.548 [main] DEBUG nextflow.executor.ExecutorFactory - >> processorType: 'local'
Jan-29 14:15:52.552 [main] DEBUG nextflow.executor.ExecutorFactory - << taskConfig executor: null
Jan-29 14:15:52.552 [main] DEBUG nextflow.executor.ExecutorFactory - >> processorType: 'local'
Jan-29 14:15:52.559 [main] DEBUG nextflow.script.ScriptRunner - > Await termination 
Jan-29 14:15:52.559 [main] DEBUG nextflow.Session - Session await
Jan-29 14:15:52.701 [Task submitter] DEBUG nextflow.executor.LocalTaskHandler - Launch cmd line: /bin/bash -ue .command.run
Jan-29 14:15:52.705 [Task submitter] INFO  nextflow.Session - [36/60a817] Submitted process > filter
Jan-29 14:15:57.959 [Task monitor] DEBUG n.processor.TaskPollingMonitor - Task completed > TaskHandler[id: 1; name: filter; status: COMPLETED; exit: 0; error: -; workDir: /dataVolume/storage/single_cell_projects/sc_RB_devel/20171031-SHL-FACS-Hs_proj/src/scenic_src/work/36/60a81757b793e29e370633707a6ac9]
Jan-29 14:15:58.094 [Actor Thread 2] WARN  nextflow.script.ScriptBinding - Access to undefined parameter `seed` -- Initialise it to a default value eg. `params.seed = some_value`
Jan-29 14:15:58.101 [Task submitter] DEBUG nextflow.executor.LocalTaskHandler - Launch cmd line: /bin/bash -ue .command.run
Jan-29 14:15:58.101 [Task submitter] INFO  nextflow.Session - [54/f7b01a] Submitted process > preprocess
Jan-29 14:15:58.126 [Task submitter] DEBUG nextflow.executor.LocalTaskHandler - Launch cmd line: /bin/bash -ue .command.run
Jan-29 14:15:58.126 [Task submitter] INFO  nextflow.Session - [36/a38966] Submitted process > GRNinference
Jan-29 14:15:58.153 [Actor Thread 8] DEBUG nextflow.sort.BigSort - Sort completed -- entries: 1; slices: 1; internal sort time: 0.001 s; external sort time: 0.016 s; total time: 0.017 s
Jan-29 14:15:58.179 [Actor Thread 8] DEBUG nextflow.file.FileCollector - Saved collect-files list to: /tmp/14edae13af08b6358b36f5ed61c68c06.collect-file
Jan-29 14:15:58.188 [Actor Thread 8] DEBUG nextflow.file.FileCollector - Deleting file collector temp dir: /tmp/nxf-2249867784354516623
Jan-29 14:16:11.271 [Task monitor] DEBUG n.processor.TaskPollingMonitor - Task completed > TaskHandler[id: 3; name: preprocess; status: COMPLETED; exit: 0; error: -; workDir: /dataVolume/storage/single_cell_projects/sc_RB_devel/20171031-SHL-FACS-Hs_proj/src/scenic_src/work/54/f7b01afd79b33ba93e57a3f6ec99c2]
Jan-29 14:16:11.313 [Task submitter] DEBUG nextflow.executor.LocalTaskHandler - Launch cmd line: /bin/bash -ue .command.run
Jan-29 14:16:11.313 [Task submitter] INFO  nextflow.Session - [11/c9d2ef] Submitted process > pca
Jan-29 14:16:17.597 [Task monitor] DEBUG n.processor.TaskPollingMonitor - Task completed > TaskHandler[id: 4; name: pca; status: COMPLETED; exit: 0; error: -; workDir: /dataVolume/storage/single_cell_projects/sc_RB_devel/20171031-SHL-FACS-Hs_proj/src/scenic_src/work/11/c9d2efdbbd1f7fb9b6cb3d0f272f56]
Jan-29 14:16:17.624 [Task submitter] DEBUG nextflow.executor.LocalTaskHandler - Launch cmd line: /bin/bash -ue .command.run
Jan-29 14:16:17.639 [Task submitter] INFO  nextflow.Session - [60/c3f03e] Submitted process > visualize
Jan-29 14:16:30.539 [Task monitor] DEBUG n.processor.TaskPollingMonitor - Task completed > TaskHandler[id: 5; name: visualize; status: COMPLETED; exit: 0; error: -; workDir: /dataVolume/storage/single_cell_projects/sc_RB_devel/20171031-SHL-FACS-Hs_proj/src/scenic_src/work/60/c3f03eafde6d773c64f7bc2615c502]
Jan-29 14:16:30.573 [Task submitter] DEBUG nextflow.executor.LocalTaskHandler - Launch cmd line: /bin/bash -ue .command.run
Jan-29 14:16:30.573 [Task submitter] INFO  nextflow.Session - [b0/ef8a97] Submitted process > cluster
Jan-29 14:16:36.627 [Task monitor] DEBUG n.processor.TaskPollingMonitor - Task completed > TaskHandler[id: 6; name: cluster; status: COMPLETED; exit: 0; error: -; workDir: /dataVolume/storage/single_cell_projects/sc_RB_devel/20171031-SHL-FACS-Hs_proj/src/scenic_src/work/b0/ef8a97e21268135ed349d76f42ae32]
Jan-29 14:18:38.493 [Task monitor] DEBUG n.processor.TaskPollingMonitor - Task completed > TaskHandler[id: 2; name: GRNinference; status: COMPLETED; exit: 0; error: -; workDir: /dataVolume/storage/single_cell_projects/sc_RB_devel/20171031-SHL-FACS-Hs_proj/src/scenic_src/work/36/a38966bb823c4aed18675e34321ae9]
Jan-29 14:18:41.862 [Task submitter] DEBUG nextflow.executor.LocalTaskHandler - Launch cmd line: /bin/bash -ue .command.run
Jan-29 14:18:41.863 [Task submitter] INFO  nextflow.Session - [42/6a27e5] Submitted process > cisTarget
Jan-29 14:20:52.640 [Task monitor] DEBUG n.processor.TaskPollingMonitor - !! executor local > tasks to be completed: 1 -- submitted tasks are shown below
~> TaskHandler[id: 7; name: cisTarget; status: RUNNING; exit: -; error: -; workDir: /dataVolume/storage/single_cell_projects/sc_RB_devel/20171031-SHL-FACS-Hs_proj/src/scenic_src/work/42/6a27e514b1706d4a650d177b049bf9]
Jan-29 14:22:56.558 [SIGINT handler] DEBUG nextflow.Session - Session aborted -- Cause: SIGINT
Jan-29 14:22:56.616 [SIGINT handler] DEBUG nextflow.Session - The following nodes are still active:
[process] AUCell
  status=ACTIVE
  port 0: (value) bound ; channel: exprMat
  port 1: (value) OPEN  ; channel: reg.csv
  port 2: (cntrl) -     ; channel: $

[process] visualizeAUC
  status=ACTIVE
  port 0: (value) OPEN  ; channel: pyscenic_output.loom
  port 1: (cntrl) -     ; channel: $

[process] integrateOutput
  status=ACTIVE
  port 0: (value) OPEN  ; channel: pyscenic_output.loom
  port 1: (value) bound ; channel: anndata.h5ad
  port 2: (value) OPEN  ; channel: scenic_umap.txt
  port 3: (value) OPEN  ; channel: scenic_tsne.txt
  port 4: (cntrl) -     ; channel: $

Jan-29 14:22:56.618 [main] DEBUG nextflow.Session - Session await > all process finished
Jan-29 14:22:56.618 [main] DEBUG nextflow.Session - Session await > all barriers passed
Jan-29 14:22:56.638 [Actor Thread 16] DEBUG nextflow.file.SortFileCollector - FileCollector temp dir not removed: null
Jan-29 14:22:56.638 [main] WARN  n.processor.TaskPollingMonitor - Killing pending tasks (1)
Jan-29 14:22:56.652 [main] DEBUG nextflow.trace.WorkflowStatsObserver - Workflow completed > WorkflowStats[succeededCount=6; failedCount=0; ignoredCount=0; cachedCount=0; pendingCount=0; submittedCount=0; runningCount=1; retriesCount=0; abortedCount=0; succeedDuration=3m 24s; failedDuration=0ms; cachedDuration=0ms;loadCpus=1; loadMemory=0; peakRunning=2; peakCpus=2; peakMemory=0; ]
Jan-29 14:22:56.673 [main] DEBUG nextflow.CacheDB - Closing CacheDB done
Jan-29 14:22:56.679 [main] DEBUG nextflow.script.ScriptRunner - > Execution complete -- Goodbye
